<?xml version="1.0" encoding="UTF-8"?>
<coverage generated="1750165403222" clover="3.2.0">
  <project timestamp="1750165403222" name="All files">
    <metrics statements="253" coveredstatements="195" conditionals="108" coveredconditionals="89" methods="42" coveredmethods="33" elements="403" coveredelements="317" complexity="0" loc="253" ncloc="253" packages="2" files="5" classes="5"/>
    <package name="controllers">
      <metrics statements="35" coveredstatements="19" conditionals="6" coveredconditionals="4" methods="4" coveredmethods="4"/>
      <file name="GameController.js" path="D:\gitHUB\edu-ai-challenge-2025\Task 7 - Sea Battle Game\seabattle-refactored\controllers\GameController.js">
        <metrics statements="35" coveredstatements="19" conditionals="6" coveredconditionals="4" methods="4" coveredmethods="4"/>
        <line num="12" count="6" type="stmt"/>
        <line num="13" count="6" type="stmt"/>
        <line num="21" count="5" type="stmt"/>
        <line num="22" count="5" type="stmt"/>
        <line num="23" count="4" type="stmt"/>
        <line num="24" count="4" type="stmt"/>
        <line num="25" count="4" type="stmt"/>
        <line num="27" count="1" type="stmt"/>
        <line num="28" count="1" type="stmt"/>
        <line num="38" count="4" type="stmt"/>
        <line num="40" count="0" type="stmt"/>
        <line num="45" count="0" type="stmt"/>
        <line num="46" count="0" type="cond" truecount="0" falsecount="2"/>
        <line num="47" count="0" type="stmt"/>
        <line num="49" count="4" type="stmt"/>
        <line num="58" count="0" type="stmt"/>
        <line num="59" count="0" type="stmt"/>
        <line num="60" count="0" type="stmt"/>
        <line num="61" count="0" type="stmt"/>
        <line num="63" count="0" type="stmt"/>
        <line num="64" count="0" type="stmt"/>
        <line num="74" count="0" type="stmt"/>
        <line num="75" count="0" type="stmt"/>
        <line num="76" count="0" type="stmt"/>
        <line num="77" count="0" type="stmt"/>
        <line num="79" count="0" type="stmt"/>
        <line num="80" count="0" type="stmt"/>
        <line num="89" count="4" type="stmt"/>
        <line num="90" count="4" type="stmt"/>
        <line num="91" count="4" type="stmt"/>
        <line num="92" count="4" type="stmt"/>
        <line num="94" count="4" type="cond" truecount="2" falsecount="0"/>
        <line num="95" count="2" type="stmt"/>
        <line num="96" count="2" type="cond" truecount="2" falsecount="0"/>
        <line num="97" count="1" type="stmt"/>
      </file>
    </package>
    <package name="models">
      <metrics statements="218" coveredstatements="176" conditionals="102" coveredconditionals="85" methods="38" coveredmethods="29"/>
      <file name="GameAI.js" path="D:\gitHUB\edu-ai-challenge-2025\Task 7 - Sea Battle Game\seabattle-refactored\models\GameAI.js">
        <metrics statements="58" coveredstatements="51" conditionals="30" coveredconditionals="26" methods="6" coveredmethods="5"/>
        <line num="17" count="69" type="stmt"/>
        <line num="18" count="69" type="stmt"/>
        <line num="19" count="69" type="stmt"/>
        <line num="20" count="69" type="stmt"/>
        <line num="21" count="69" type="stmt"/>
        <line num="29" count="214" type="cond" truecount="2" falsecount="0"/>
        <line num="30" count="14" type="stmt"/>
        <line num="32" count="200" type="stmt"/>
        <line num="41" count="179" type="cond" truecount="2" falsecount="0"/>
        <line num="42" count="13" type="stmt"/>
        <line num="43" count="13" type="stmt"/>
        <line num="44" count="13" type="cond" truecount="2" falsecount="0"/>
        <line num="45" count="7" type="stmt"/>
        <line num="47" count="166" type="cond" truecount="2" falsecount="0"/>
        <line num="48" count="1" type="stmt"/>
        <line num="58" count="200" type="stmt"/>
        <line num="59" count="200" type="stmt"/>
        <line num="60" count="200" type="stmt"/>
        <line num="69" count="14" type="cond" truecount="1" falsecount="1"/>
        <line num="70" count="0" type="stmt"/>
        <line num="73" count="14" type="cond" truecount="2" falsecount="0"/>
        <line num="74" count="6" type="stmt"/>
        <line num="75" count="6" type="cond" truecount="2" falsecount="0"/>
        <line num="76" count="4" type="stmt"/>
        <line num="78" count="2" type="stmt"/>
        <line num="81" count="10" type="stmt"/>
        <line num="82" count="13" type="stmt"/>
        <line num="83" count="13" type="cond" truecount="2" falsecount="0"/>
        <line num="84" count="10" type="stmt"/>
        <line num="85" count="10" type="stmt"/>
        <line num="89" count="0" type="stmt"/>
        <line num="90" count="0" type="stmt"/>
        <line num="99" count="6" type="stmt"/>
        <line num="109" count="19" type="stmt"/>
        <line num="110" count="19" type="cond" truecount="3" falsecount="2"/>
        <line num="111" count="14" type="stmt"/>
        <line num="112" count="3" type="stmt"/>
        <line num="113" count="2" type="stmt"/>
        <line num="114" count="0" type="stmt"/>
        <line num="115" count="0" type="stmt"/>
        <line num="126" count="19" type="cond" truecount="1" falsecount="1"/>
        <line num="127" count="19" type="stmt"/>
        <line num="128" count="19" type="stmt"/>
        <line num="143" count="200" type="stmt"/>
        <line num="144" count="200" type="stmt"/>
        <line num="145" count="2000" type="stmt"/>
        <line num="146" count="20000" type="stmt"/>
        <line num="147" count="20000" type="cond" truecount="2" falsecount="0"/>
        <line num="148" count="16260" type="stmt"/>
        <line num="152" count="200" type="stmt"/>
        <line num="160" count="3" type="stmt"/>
        <line num="161" count="12" type="stmt"/>
        <line num="169" count="7" type="stmt"/>
        <line num="170" count="7" type="stmt"/>
        <line num="178" count="0" type="stmt"/>
        <line num="179" count="0" type="stmt"/>
        <line num="187" count="39" type="stmt"/>
        <line num="188" count="13" type="stmt"/>
      </file>
      <file name="GameConfig.js" path="D:\gitHUB\edu-ai-challenge-2025\Task 7 - Sea Battle Game\seabattle-refactored\models\GameConfig.js">
        <metrics statements="6" coveredstatements="6" conditionals="0" coveredconditionals="0" methods="0" coveredmethods="0"/>
        <line num="6" count="9" type="stmt"/>
        <line num="7" count="9" type="stmt"/>
        <line num="10" count="9" type="stmt"/>
        <line num="13" count="9" type="stmt"/>
        <line num="22" count="9" type="stmt"/>
        <line num="25" count="9" type="stmt"/>
      </file>
      <file name="GameState.js" path="D:\gitHUB\edu-ai-challenge-2025\Task 7 - Sea Battle Game\seabattle-refactored\models\GameState.js">
        <metrics statements="132" coveredstatements="99" conditionals="53" coveredconditionals="42" methods="23" coveredmethods="15"/>
        <line num="18" count="47" type="stmt"/>
        <line num="19" count="47" type="stmt"/>
        <line num="20" count="47" type="stmt"/>
        <line num="21" count="47" type="stmt"/>
        <line num="22" count="47" type="stmt"/>
        <line num="23" count="47" type="stmt"/>
        <line num="24" count="47" type="stmt"/>
        <line num="32" count="45" type="cond" truecount="2" falsecount="0"/>
        <line num="33" count="1" type="stmt"/>
        <line num="36" count="44" type="stmt"/>
        <line num="37" count="44" type="stmt"/>
        <line num="38" count="44" type="stmt"/>
        <line num="46" count="3" type="stmt"/>
        <line num="54" count="17" type="stmt"/>
        <line num="62" count="20" type="stmt"/>
        <line num="70" count="0" type="stmt"/>
        <line num="73" count="0" type="stmt"/>
        <line num="74" count="0" type="stmt"/>
        <line num="75" count="0" type="stmt"/>
        <line num="80" count="0" type="stmt"/>
        <line num="81" count="0" type="stmt"/>
        <line num="82" count="0" type="stmt"/>
        <line num="83" count="0" type="cond" truecount="0" falsecount="2"/>
        <line num="86" count="0" type="stmt"/>
        <line num="94" count="0" type="stmt"/>
        <line num="97" count="0" type="stmt"/>
        <line num="98" count="0" type="stmt"/>
        <line num="99" count="0" type="stmt"/>
        <line num="104" count="0" type="stmt"/>
        <line num="105" count="0" type="stmt"/>
        <line num="106" count="0" type="stmt"/>
        <line num="107" count="0" type="cond" truecount="0" falsecount="2"/>
        <line num="110" count="0" type="stmt"/>
        <line num="119" count="0" type="stmt"/>
        <line num="120" count="0" type="stmt"/>
        <line num="121" count="0" type="stmt"/>
        <line num="122" count="0" type="stmt"/>
        <line num="123" count="0" type="stmt"/>
        <line num="126" count="0" type="stmt"/>
        <line num="135" count="20017" type="stmt"/>
        <line num="145" count="103" type="stmt"/>
        <line num="146" count="101" type="stmt"/>
        <line num="148" count="82" type="stmt"/>
        <line num="149" count="82" type="cond" truecount="2" falsecount="0"/>
        <line num="150" count="2" type="stmt"/>
        <line num="153" count="80" type="stmt"/>
        <line num="154" count="80" type="stmt"/>
        <line num="156" count="80" type="cond" truecount="1" falsecount="1"/>
        <line num="157" count="0" type="stmt"/>
        <line num="158" count="0" type="stmt"/>
        <line num="161" count="80" type="stmt"/>
        <line num="170" count="102" type="stmt"/>
        <line num="172" count="101" type="stmt"/>
        <line num="173" count="101" type="stmt"/>
        <line num="175" count="101" type="cond" truecount="2" falsecount="0"/>
        <line num="176" count="28" type="stmt"/>
        <line num="179" count="73" type="stmt"/>
        <line num="180" count="73" type="stmt"/>
        <line num="182" count="73" type="cond" truecount="1" falsecount="1"/>
        <line num="183" count="0" type="stmt"/>
        <line num="184" count="0" type="stmt"/>
        <line num="185" count="0" type="stmt"/>
        <line num="188" count="73" type="stmt"/>
        <line num="189" count="73" type="stmt"/>
        <line num="197" count="310" type="cond" truecount="1" falsecount="1"/>
        <line num="198" count="310" type="cond" truecount="2" falsecount="0"/>
        <line num="206" count="44" type="stmt"/>
        <line num="207" count="44" type="stmt"/>
        <line num="215" count="44" type="stmt"/>
        <line num="216" count="44" type="stmt"/>
        <line num="217" count="132" type="stmt"/>
        <line num="218" count="132" type="stmt"/>
        <line num="220" count="132" type="cond" truecount="2" falsecount="0"/>
        <line num="221" count="164" type="stmt"/>
        <line num="222" count="164" type="stmt"/>
        <line num="223" count="164" type="stmt"/>
        <line num="224" count="164" type="stmt"/>
        <line num="225" count="164" type="stmt"/>
        <line num="226" count="132" type="stmt"/>
        <line num="227" count="132" type="stmt"/>
        <line num="229" count="32" type="stmt"/>
        <line num="233" count="132" type="cond" truecount="1" falsecount="1"/>
        <line num="234" count="0" type="stmt"/>
        <line num="245" count="44" type="stmt"/>
        <line num="246" count="44" type="stmt"/>
        <line num="247" count="132" type="stmt"/>
        <line num="248" count="132" type="stmt"/>
        <line num="250" count="132" type="cond" truecount="2" falsecount="0"/>
        <line num="251" count="165" type="stmt"/>
        <line num="252" count="165" type="stmt"/>
        <line num="253" count="165" type="stmt"/>
        <line num="254" count="165" type="stmt"/>
        <line num="255" count="165" type="stmt"/>
        <line num="256" count="132" type="stmt"/>
        <line num="257" count="132" type="stmt"/>
        <line num="259" count="33" type="stmt"/>
        <line num="263" count="132" type="cond" truecount="1" falsecount="1"/>
        <line num="264" count="0" type="stmt"/>
        <line num="280" count="329" type="stmt"/>
        <line num="282" count="329" type="cond" truecount="2" falsecount="0"/>
        <line num="283" count="65" type="stmt"/>
        <line num="286" count="264" type="cond" truecount="1" falsecount="1"/>
        <line num="287" count="0" type="stmt"/>
        <line num="290" count="792" type="stmt"/>
        <line num="302" count="329" type="stmt"/>
        <line num="303" count="329" type="stmt"/>
        <line num="305" count="329" type="stmt"/>
        <line num="306" count="987" type="stmt"/>
        <line num="307" count="987" type="cond" truecount="4" falsecount="0"/>
        <line num="308" count="210" type="stmt"/>
        <line num="309" count="285" type="stmt"/>
        <line num="310" count="228" type="stmt"/>
        <line num="311" count="264" type="stmt"/>
        <line num="315" count="329" type="stmt"/>
        <line num="325" count="329" type="stmt"/>
        <line num="326" count="957" type="cond" truecount="4" falsecount="0"/>
        <line num="341" count="264" type="stmt"/>
        <line num="342" count="792" type="stmt"/>
        <line num="352" count="329" type="stmt"/>
        <line num="364" count="329" type="stmt"/>
        <line num="365" count="329" type="stmt"/>
        <line num="376" count="459" type="stmt"/>
        <line num="386" count="624" type="stmt"/>
        <line num="396" count="20200" type="stmt"/>
        <line num="405" count="205" type="cond" truecount="2" falsecount="0"/>
        <line num="406" count="3" type="stmt"/>
        <line num="408" count="202" type="cond" truecount="1" falsecount="1"/>
        <line num="409" count="0" type="stmt"/>
        <line num="420" count="101" type="cond" truecount="5" falsecount="0"/>
        <line num="421" count="8" type="stmt"/>
        <line num="423" count="93" type="cond" truecount="2" falsecount="0"/>
        <line num="429" count="11" type="stmt"/>
      </file>
      <file name="Ship.js" path="D:\gitHUB\edu-ai-challenge-2025\Task 7 - Sea Battle Game\seabattle-refactored\models\Ship.js">
        <metrics statements="22" coveredstatements="20" conditionals="19" coveredconditionals="17" methods="9" coveredmethods="9"/>
        <line num="16" count="342" type="cond" truecount="4" falsecount="0"/>
        <line num="17" count="2" type="stmt"/>
        <line num="19" count="340" type="stmt"/>
        <line num="20" count="340" type="stmt"/>
        <line num="21" count="340" type="stmt"/>
        <line num="29" count="363" type="stmt"/>
        <line num="37" count="42" type="stmt"/>
        <line num="45" count="4" type="stmt"/>
        <line num="54" count="805" type="cond" truecount="2" falsecount="0"/>
        <line num="55" count="1" type="stmt"/>
        <line num="57" count="804" type="stmt"/>
        <line num="66" count="1298" type="stmt"/>
        <line num="75" count="3" type="stmt"/>
        <line num="84" count="45" type="cond" truecount="1" falsecount="1"/>
        <line num="85" count="0" type="stmt"/>
        <line num="87" count="45" type="cond" truecount="2" falsecount="0"/>
        <line num="88" count="1" type="stmt"/>
        <line num="90" count="44" type="cond" truecount="1" falsecount="1"/>
        <line num="91" count="0" type="stmt"/>
        <line num="93" count="44" type="stmt"/>
        <line num="101" count="715" type="stmt"/>
        <line num="111" count="850" type="stmt"/>
      </file>
    </package>
  </project>
</coverage>
