{"D:\\gitHUB\\edu-ai-challenge-2025\\Task 7 - Sea Battle Game\\seabattle-refactored\\controllers\\GameController.js": {"path":"D:\\gitHUB\\edu-ai-challenge-2025\\Task 7 - Sea Battle Game\\seabattle-refactored\\controllers\\GameController.js","statementMap":{"0":{"start":{"line":12,"column":4},"end":{"line":12,"column":38}},"1":{"start":{"line":13,"column":4},"end":{"line":13,"column":36}},"2":{"start":{"line":21,"column":4},"end":{"line":29,"column":5}},"3":{"start":{"line":22,"column":6},"end":{"line":22,"column":35}},"4":{"start":{"line":23,"column":6},"end":{"line":23,"column":35}},"5":{"start":{"line":24,"column":6},"end":{"line":24,"column":42}},"6":{"start":{"line":25,"column":6},"end":{"line":25,"column":29}},"7":{"start":{"line":27,"column":6},"end":{"line":27,"column":46}},"8":{"start":{"line":28,"column":6},"end":{"line":28,"column":18}},"9":{"start":{"line":38,"column":4},"end":{"line":48,"column":5}},"10":{"start":{"line":40,"column":6},"end":{"line":43,"column":8}},"11":{"start":{"line":45,"column":6},"end":{"line":45,"column":38}},"12":{"start":{"line":46,"column":6},"end":{"line":46,"column":46}},"13":{"start":{"line":46,"column":40},"end":{"line":46,"column":46}},"14":{"start":{"line":47,"column":6},"end":{"line":47,"column":35}},"15":{"start":{"line":49,"column":4},"end":{"line":49,"column":27}},"16":{"start":{"line":58,"column":4},"end":{"line":65,"column":5}},"17":{"start":{"line":59,"column":20},"end":{"line":59,"column":57}},"18":{"start":{"line":60,"column":21},"end":{"line":60,"column":62}},"19":{"start":{"line":61,"column":6},"end":{"line":61,"column":55}},"20":{"start":{"line":63,"column":6},"end":{"line":63,"column":46}},"21":{"start":{"line":64,"column":6},"end":{"line":64,"column":38}},"22":{"start":{"line":74,"column":4},"end":{"line":81,"column":5}},"23":{"start":{"line":75,"column":6},"end":{"line":75,"column":42}},"24":{"start":{"line":76,"column":21},"end":{"line":76,"column":54}},"25":{"start":{"line":77,"column":6},"end":{"line":77,"column":52}},"26":{"start":{"line":79,"column":6},"end":{"line":79,"column":46}},"27":{"start":{"line":80,"column":6},"end":{"line":80,"column":18}},"28":{"start":{"line":89,"column":24},"end":{"line":89,"column":56}},"29":{"start":{"line":90,"column":21},"end":{"line":90,"column":50}},"30":{"start":{"line":91,"column":23},"end":{"line":91,"column":63}},"31":{"start":{"line":91,"column":49},"end":{"line":91,"column":62}},"32":{"start":{"line":92,"column":20},"end":{"line":92,"column":57}},"33":{"start":{"line":92,"column":43},"end":{"line":92,"column":56}},"34":{"start":{"line":94,"column":4},"end":{"line":98,"column":5}},"35":{"start":{"line":95,"column":6},"end":{"line":95,"column":41}},"36":{"start":{"line":96,"column":11},"end":{"line":98,"column":5}},"37":{"start":{"line":97,"column":6},"end":{"line":97,"column":44}}},"fnMap":{"0":{"name":"(anonymous_0)","decl":{"start":{"line":11,"column":2},"end":{"line":11,"column":3}},"loc":{"start":{"line":11,"column":16},"end":{"line":14,"column":3}},"line":11},"1":{"name":"(anonymous_1)","decl":{"start":{"line":20,"column":2},"end":{"line":20,"column":3}},"loc":{"start":{"line":20,"column":16},"end":{"line":30,"column":3}},"line":20},"2":{"name":"(anonymous_2)","decl":{"start":{"line":91,"column":41},"end":{"line":91,"column":42}},"loc":{"start":{"line":91,"column":49},"end":{"line":91,"column":62}},"line":91},"3":{"name":"(anonymous_3)","decl":{"start":{"line":92,"column":35},"end":{"line":92,"column":36}},"loc":{"start":{"line":92,"column":43},"end":{"line":92,"column":56}},"line":92}},"branchMap":{"0":{"loc":{"start":{"line":46,"column":6},"end":{"line":46,"column":46}},"type":"if","locations":[{"start":{"line":46,"column":6},"end":{"line":46,"column":46}},{"start":{},"end":{}}],"line":46},"1":{"loc":{"start":{"line":94,"column":4},"end":{"line":98,"column":5}},"type":"if","locations":[{"start":{"line":94,"column":4},"end":{"line":98,"column":5}},{"start":{"line":96,"column":11},"end":{"line":98,"column":5}}],"line":94},"2":{"loc":{"start":{"line":96,"column":11},"end":{"line":98,"column":5}},"type":"if","locations":[{"start":{"line":96,"column":11},"end":{"line":98,"column":5}},{"start":{},"end":{}}],"line":96}},"s":{"0":6,"1":6,"2":5,"3":5,"4":4,"5":4,"6":4,"7":1,"8":1,"9":4,"10":0,"11":0,"12":0,"13":0,"14":0,"15":4,"16":0,"17":0,"18":0,"19":0,"20":0,"21":0,"22":0,"23":0,"24":0,"25":0,"26":0,"27":0,"28":4,"29":4,"30":4,"31":4,"32":4,"33":4,"34":4,"35":2,"36":2,"37":1},"f":{"0":6,"1":5,"2":4,"3":4},"b":{"0":[0,0],"1":[2,2],"2":[1,1]},"_coverageSchema":"1a1c01bbd47fc00a2c39e90264f33305004495a9","hash":"dba173d3db675d756e222f394eebef05a7c911c2"}
,"D:\\gitHUB\\edu-ai-challenge-2025\\Task 7 - Sea Battle Game\\seabattle-refactored\\models\\GameAI.js": {"path":"D:\\gitHUB\\edu-ai-challenge-2025\\Task 7 - Sea Battle Game\\seabattle-refactored\\models\\GameAI.js","statementMap":{"0":{"start":{"line":17,"column":4},"end":{"line":17,"column":32}},"1":{"start":{"line":18,"column":4},"end":{"line":18,"column":25}},"2":{"start":{"line":19,"column":4},"end":{"line":19,"column":63}},"3":{"start":{"line":20,"column":4},"end":{"line":20,"column":34}},"4":{"start":{"line":21,"column":4},"end":{"line":21,"column":52}},"5":{"start":{"line":29,"column":4},"end":{"line":31,"column":5}},"6":{"start":{"line":30,"column":6},"end":{"line":30,"column":34}},"7":{"start":{"line":32,"column":4},"end":{"line":32,"column":34}},"8":{"start":{"line":41,"column":4},"end":{"line":49,"column":5}},"9":{"start":{"line":42,"column":6},"end":{"line":42,"column":28}},"10":{"start":{"line":43,"column":6},"end":{"line":43,"column":38}},"11":{"start":{"line":44,"column":6},"end":{"line":46,"column":7}},"12":{"start":{"line":45,"column":8},"end":{"line":45,"column":32}},"13":{"start":{"line":47,"column":11},"end":{"line":49,"column":5}},"14":{"start":{"line":48,"column":6},"end":{"line":48,"column":30}},"15":{"start":{"line":58,"column":27},"end":{"line":58,"column":52}},"16":{"start":{"line":59,"column":24},"end":{"line":59,"column":73}},"17":{"start":{"line":60,"column":4},"end":{"line":60,"column":39}},"18":{"start":{"line":69,"column":4},"end":{"line":71,"column":5}},"19":{"start":{"line":70,"column":6},"end":{"line":70,"column":36}},"20":{"start":{"line":73,"column":4},"end":{"line":79,"column":5}},"21":{"start":{"line":74,"column":24},"end":{"line":74,"column":55}},"22":{"start":{"line":75,"column":6},"end":{"line":77,"column":7}},"23":{"start":{"line":76,"column":8},"end":{"line":76,"column":25}},"24":{"start":{"line":78,"column":6},"end":{"line":78,"column":30}},"25":{"start":{"line":81,"column":4},"end":{"line":87,"column":5}},"26":{"start":{"line":82,"column":20},"end":{"line":82,"column":56}},"27":{"start":{"line":83,"column":6},"end":{"line":86,"column":7}},"28":{"start":{"line":84,"column":8},"end":{"line":84,"column":43}},"29":{"start":{"line":85,"column":8},"end":{"line":85,"column":21}},"30":{"start":{"line":89,"column":4},"end":{"line":89,"column":22}},"31":{"start":{"line":90,"column":4},"end":{"line":90,"column":34}},"32":{"start":{"line":99,"column":4},"end":{"line":99,"column":61}},"33":{"start":{"line":109,"column":25},"end":{"line":109,"column":38}},"34":{"start":{"line":110,"column":4},"end":{"line":116,"column":5}},"35":{"start":{"line":111,"column":17},"end":{"line":111,"column":46}},"36":{"start":{"line":112,"column":20},"end":{"line":112,"column":49}},"37":{"start":{"line":113,"column":19},"end":{"line":113,"column":48}},"38":{"start":{"line":114,"column":19},"end":{"line":114,"column":48}},"39":{"start":{"line":115,"column":15},"end":{"line":115,"column":27}},"40":{"start":{"line":126,"column":4},"end":{"line":126,"column":29}},"41":{"start":{"line":126,"column":16},"end":{"line":126,"column":29}},"42":{"start":{"line":127,"column":25},"end":{"line":127,"column":30}},"43":{"start":{"line":128,"column":4},"end":{"line":134,"column":6}},"44":{"start":{"line":143,"column":18},"end":{"line":143,"column":20}},"45":{"start":{"line":144,"column":4},"end":{"line":151,"column":5}},"46":{"start":{"line":144,"column":19},"end":{"line":144,"column":20}},"47":{"start":{"line":145,"column":6},"end":{"line":150,"column":7}},"48":{"start":{"line":145,"column":21},"end":{"line":145,"column":22}},"49":{"start":{"line":146,"column":22},"end":{"line":146,"column":34}},"50":{"start":{"line":147,"column":8},"end":{"line":149,"column":9}},"51":{"start":{"line":148,"column":10},"end":{"line":148,"column":28}},"52":{"start":{"line":152,"column":4},"end":{"line":152,"column":17}},"53":{"start":{"line":160,"column":4},"end":{"line":160,"column":34}},"54":{"start":{"line":161,"column":4},"end":{"line":161,"column":102}},"55":{"start":{"line":161,"column":70},"end":{"line":161,"column":100}},"56":{"start":{"line":169,"column":4},"end":{"line":169,"column":63}},"57":{"start":{"line":170,"column":4},"end":{"line":170,"column":34}},"58":{"start":{"line":178,"column":4},"end":{"line":178,"column":25}},"59":{"start":{"line":179,"column":4},"end":{"line":179,"column":28}},"60":{"start":{"line":187,"column":22},"end":{"line":187,"column":81}},"61":{"start":{"line":187,"column":67},"end":{"line":187,"column":80}},"62":{"start":{"line":188,"column":4},"end":{"line":188,"column":73}},"63":{"start":{"line":188,"column":30},"end":{"line":188,"column":71}}},"fnMap":{"0":{"name":"(anonymous_0)","decl":{"start":{"line":16,"column":2},"end":{"line":16,"column":3}},"loc":{"start":{"line":16,"column":25},"end":{"line":22,"column":3}},"line":16},"1":{"name":"(anonymous_1)","decl":{"start":{"line":28,"column":2},"end":{"line":28,"column":3}},"loc":{"start":{"line":28,"column":14},"end":{"line":33,"column":3}},"line":28},"2":{"name":"(anonymous_2)","decl":{"start":{"line":40,"column":2},"end":{"line":40,"column":3}},"loc":{"start":{"line":40,"column":29},"end":{"line":50,"column":3}},"line":40},"3":{"name":"(anonymous_3)","decl":{"start":{"line":161,"column":63},"end":{"line":161,"column":64}},"loc":{"start":{"line":161,"column":70},"end":{"line":161,"column":100}},"line":161},"4":{"name":"(anonymous_4)","decl":{"start":{"line":187,"column":59},"end":{"line":187,"column":60}},"loc":{"start":{"line":187,"column":67},"end":{"line":187,"column":80}},"line":187},"5":{"name":"(anonymous_5)","decl":{"start":{"line":188,"column":22},"end":{"line":188,"column":23}},"loc":{"start":{"line":188,"column":30},"end":{"line":188,"column":71}},"line":188}},"branchMap":{"0":{"loc":{"start":{"line":29,"column":4},"end":{"line":31,"column":5}},"type":"if","locations":[{"start":{"line":29,"column":4},"end":{"line":31,"column":5}},{"start":{},"end":{}}],"line":29},"1":{"loc":{"start":{"line":41,"column":4},"end":{"line":49,"column":5}},"type":"if","locations":[{"start":{"line":41,"column":4},"end":{"line":49,"column":5}},{"start":{"line":47,"column":11},"end":{"line":49,"column":5}}],"line":41},"2":{"loc":{"start":{"line":44,"column":6},"end":{"line":46,"column":7}},"type":"if","locations":[{"start":{"line":44,"column":6},"end":{"line":46,"column":7}},{"start":{},"end":{}}],"line":44},"3":{"loc":{"start":{"line":47,"column":11},"end":{"line":49,"column":5}},"type":"if","locations":[{"start":{"line":47,"column":11},"end":{"line":49,"column":5}},{"start":{},"end":{}}],"line":47},"4":{"loc":{"start":{"line":69,"column":4},"end":{"line":71,"column":5}},"type":"if","locations":[{"start":{"line":69,"column":4},"end":{"line":71,"column":5}},{"start":{},"end":{}}],"line":69},"5":{"loc":{"start":{"line":73,"column":4},"end":{"line":79,"column":5}},"type":"if","locations":[{"start":{"line":73,"column":4},"end":{"line":79,"column":5}},{"start":{},"end":{}}],"line":73},"6":{"loc":{"start":{"line":75,"column":6},"end":{"line":77,"column":7}},"type":"if","locations":[{"start":{"line":75,"column":6},"end":{"line":77,"column":7}},{"start":{},"end":{}}],"line":75},"7":{"loc":{"start":{"line":83,"column":6},"end":{"line":86,"column":7}},"type":"if","locations":[{"start":{"line":83,"column":6},"end":{"line":86,"column":7}},{"start":{},"end":{}}],"line":83},"8":{"loc":{"start":{"line":110,"column":4},"end":{"line":116,"column":5}},"type":"switch","locations":[{"start":{"line":111,"column":6},"end":{"line":111,"column":46}},{"start":{"line":112,"column":6},"end":{"line":112,"column":49}},{"start":{"line":113,"column":6},"end":{"line":113,"column":48}},{"start":{"line":114,"column":6},"end":{"line":114,"column":48}},{"start":{"line":115,"column":6},"end":{"line":115,"column":27}}],"line":110},"9":{"loc":{"start":{"line":126,"column":4},"end":{"line":126,"column":29}},"type":"if","locations":[{"start":{"line":126,"column":4},"end":{"line":126,"column":29}},{"start":{},"end":{}}],"line":126},"10":{"loc":{"start":{"line":129,"column":6},"end":{"line":133,"column":43}},"type":"binary-expr","locations":[{"start":{"line":129,"column":6},"end":{"line":129,"column":14}},{"start":{"line":130,"column":6},"end":{"line":130,"column":33}},{"start":{"line":131,"column":6},"end":{"line":131,"column":14}},{"start":{"line":132,"column":6},"end":{"line":132,"column":33}},{"start":{"line":133,"column":6},"end":{"line":133,"column":43}}],"line":129},"11":{"loc":{"start":{"line":147,"column":8},"end":{"line":149,"column":9}},"type":"if","locations":[{"start":{"line":147,"column":8},"end":{"line":149,"column":9}},{"start":{},"end":{}}],"line":147}},"s":{"0":69,"1":69,"2":69,"3":69,"4":69,"5":214,"6":14,"7":200,"8":179,"9":13,"10":13,"11":13,"12":7,"13":166,"14":1,"15":200,"16":200,"17":200,"18":14,"19":0,"20":14,"21":6,"22":6,"23":4,"24":2,"25":10,"26":13,"27":13,"28":10,"29":10,"30":0,"31":0,"32":6,"33":19,"34":19,"35":14,"36":3,"37":2,"38":0,"39":0,"40":19,"41":0,"42":19,"43":19,"44":200,"45":200,"46":200,"47":2000,"48":2000,"49":20000,"50":20000,"51":16260,"52":200,"53":3,"54":3,"55":12,"56":7,"57":7,"58":0,"59":0,"60":13,"61":39,"62":13,"63":0},"f":{"0":69,"1":214,"2":179,"3":12,"4":39,"5":0},"b":{"0":[14,200],"1":[13,166],"2":[7,6],"3":[1,165],"4":[0,14],"5":[6,8],"6":[4,2],"7":[10,3],"8":[14,3,2,0,0],"9":[0,19],"10":[19,17,16,16,14],"11":[16260,3740]},"_coverageSchema":"1a1c01bbd47fc00a2c39e90264f33305004495a9","hash":"64a929326861002460e3980b40b89d74a921940f"}
,"D:\\gitHUB\\edu-ai-challenge-2025\\Task 7 - Sea Battle Game\\seabattle-refactored\\models\\GameConfig.js": {"path":"D:\\gitHUB\\edu-ai-challenge-2025\\Task 7 - Sea Battle Game\\seabattle-refactored\\models\\GameConfig.js","statementMap":{"0":{"start":{"line":6,"column":22},"end":{"line":6,"column":24}},"1":{"start":{"line":7,"column":17},"end":{"line":9,"column":3}},"2":{"start":{"line":10,"column":23},"end":{"line":10,"column":24}},"3":{"start":{"line":13,"column":19},"end":{"line":19,"column":3}},"4":{"start":{"line":22,"column":34},"end":{"line":22,"column":37}},"5":{"start":{"line":25,"column":26},"end":{"line":31,"column":3}}},"fnMap":{},"branchMap":{},"s":{"0":9,"1":9,"2":9,"3":9,"4":9,"5":9},"f":{},"b":{},"_coverageSchema":"1a1c01bbd47fc00a2c39e90264f33305004495a9","hash":"0ac0200b071ff6d343729ca38ac6bb375e925e6c"}
,"D:\\gitHUB\\edu-ai-challenge-2025\\Task 7 - Sea Battle Game\\seabattle-refactored\\models\\GameState.js": {"path":"D:\\gitHUB\\edu-ai-challenge-2025\\Task 7 - Sea Battle Game\\seabattle-refactored\\models\\GameState.js","statementMap":{"0":{"start":{"line":18,"column":4},"end":{"line":18,"column":30}},"1":{"start":{"line":19,"column":4},"end":{"line":19,"column":27}},"2":{"start":{"line":20,"column":4},"end":{"line":20,"column":24}},"3":{"start":{"line":21,"column":4},"end":{"line":21,"column":36}},"4":{"start":{"line":22,"column":4},"end":{"line":22,"column":33}},"5":{"start":{"line":23,"column":4},"end":{"line":23,"column":24}},"6":{"start":{"line":24,"column":4},"end":{"line":24,"column":67}},"7":{"start":{"line":32,"column":4},"end":{"line":34,"column":5}},"8":{"start":{"line":33,"column":6},"end":{"line":33,"column":51}},"9":{"start":{"line":36,"column":4},"end":{"line":36,"column":23}},"10":{"start":{"line":37,"column":4},"end":{"line":37,"column":36}},"11":{"start":{"line":38,"column":4},"end":{"line":38,"column":29}},"12":{"start":{"line":46,"column":4},"end":{"line":46,"column":29}},"13":{"start":{"line":54,"column":4},"end":{"line":54,"column":34}},"14":{"start":{"line":62,"column":4},"end":{"line":62,"column":31}},"15":{"start":{"line":70,"column":18},"end":{"line":70,"column":42}},"16":{"start":{"line":73,"column":4},"end":{"line":77,"column":7}},"17":{"start":{"line":74,"column":6},"end":{"line":76,"column":9}},"18":{"start":{"line":75,"column":8},"end":{"line":75,"column":38}},"19":{"start":{"line":80,"column":4},"end":{"line":84,"column":7}},"20":{"start":{"line":81,"column":25},"end":{"line":81,"column":56}},"21":{"start":{"line":82,"column":22},"end":{"line":82,"column":79}},"22":{"start":{"line":83,"column":6},"end":{"line":83,"column":44}},"23":{"start":{"line":86,"column":4},"end":{"line":86,"column":17}},"24":{"start":{"line":94,"column":18},"end":{"line":94,"column":42}},"25":{"start":{"line":97,"column":4},"end":{"line":101,"column":7}},"26":{"start":{"line":98,"column":6},"end":{"line":100,"column":9}},"27":{"start":{"line":99,"column":8},"end":{"line":99,"column":38}},"28":{"start":{"line":104,"column":4},"end":{"line":108,"column":7}},"29":{"start":{"line":105,"column":25},"end":{"line":105,"column":56}},"30":{"start":{"line":106,"column":22},"end":{"line":106,"column":76}},"31":{"start":{"line":107,"column":6},"end":{"line":107,"column":44}},"32":{"start":{"line":110,"column":4},"end":{"line":110,"column":17}},"33":{"start":{"line":119,"column":18},"end":{"line":119,"column":20}},"34":{"start":{"line":120,"column":4},"end":{"line":125,"column":5}},"35":{"start":{"line":120,"column":17},"end":{"line":120,"column":18}},"36":{"start":{"line":121,"column":6},"end":{"line":121,"column":20}},"37":{"start":{"line":122,"column":6},"end":{"line":124,"column":7}},"38":{"start":{"line":122,"column":19},"end":{"line":122,"column":20}},"39":{"start":{"line":123,"column":8},"end":{"line":123,"column":26}},"40":{"start":{"line":126,"column":4},"end":{"line":126,"column":17}},"41":{"start":{"line":135,"column":4},"end":{"line":135,"column":61}},"42":{"start":{"line":145,"column":4},"end":{"line":145,"column":30}},"43":{"start":{"line":146,"column":4},"end":{"line":146,"column":31}},"44":{"start":{"line":148,"column":21},"end":{"line":148,"column":45}},"45":{"start":{"line":149,"column":4},"end":{"line":151,"column":5}},"46":{"start":{"line":150,"column":6},"end":{"line":150,"column":50}},"47":{"start":{"line":153,"column":4},"end":{"line":153,"column":38}},"48":{"start":{"line":154,"column":20},"end":{"line":154,"column":67}},"49":{"start":{"line":156,"column":4},"end":{"line":159,"column":5}},"50":{"start":{"line":157,"column":6},"end":{"line":157,"column":25}},"51":{"start":{"line":158,"column":6},"end":{"line":158,"column":49}},"52":{"start":{"line":161,"column":4},"end":{"line":161,"column":48}},"53":{"start":{"line":170,"column":4},"end":{"line":170,"column":30}},"54":{"start":{"line":172,"column":18},"end":{"line":172,"column":42}},"55":{"start":{"line":173,"column":21},"end":{"line":173,"column":45}},"56":{"start":{"line":175,"column":4},"end":{"line":177,"column":5}},"57":{"start":{"line":176,"column":6},"end":{"line":176,"column":36}},"58":{"start":{"line":179,"column":4},"end":{"line":179,"column":35}},"59":{"start":{"line":180,"column":20},"end":{"line":180,"column":70}},"60":{"start":{"line":182,"column":4},"end":{"line":186,"column":5}},"61":{"start":{"line":183,"column":6},"end":{"line":183,"column":25}},"62":{"start":{"line":184,"column":6},"end":{"line":184,"column":45}},"63":{"start":{"line":185,"column":6},"end":{"line":185,"column":49}},"64":{"start":{"line":188,"column":4},"end":{"line":188,"column":44}},"65":{"start":{"line":189,"column":4},"end":{"line":189,"column":48}},"66":{"start":{"line":197,"column":4},"end":{"line":197,"column":41}},"67":{"start":{"line":197,"column":28},"end":{"line":197,"column":41}},"68":{"start":{"line":198,"column":4},"end":{"line":198,"column":93}},"69":{"start":{"line":206,"column":4},"end":{"line":206,"column":32}},"70":{"start":{"line":207,"column":4},"end":{"line":207,"column":29}},"71":{"start":{"line":215,"column":4},"end":{"line":237,"column":5}},"72":{"start":{"line":216,"column":6},"end":{"line":236,"column":7}},"73":{"start":{"line":216,"column":19},"end":{"line":216,"column":20}},"74":{"start":{"line":217,"column":23},"end":{"line":217,"column":24}},"75":{"start":{"line":218,"column":21},"end":{"line":218,"column":26}},"76":{"start":{"line":220,"column":8},"end":{"line":231,"column":9}},"77":{"start":{"line":221,"column":10},"end":{"line":230,"column":11}},"78":{"start":{"line":222,"column":25},"end":{"line":222,"column":39}},"79":{"start":{"line":223,"column":29},"end":{"line":223,"column":54}},"80":{"start":{"line":224,"column":30},"end":{"line":224,"column":56}},"81":{"start":{"line":225,"column":12},"end":{"line":225,"column":74}},"82":{"start":{"line":226,"column":12},"end":{"line":226,"column":41}},"83":{"start":{"line":227,"column":12},"end":{"line":227,"column":26}},"84":{"start":{"line":229,"column":12},"end":{"line":229,"column":23}},"85":{"start":{"line":233,"column":8},"end":{"line":235,"column":9}},"86":{"start":{"line":234,"column":10},"end":{"line":234,"column":59}},"87":{"start":{"line":245,"column":4},"end":{"line":267,"column":5}},"88":{"start":{"line":246,"column":6},"end":{"line":266,"column":7}},"89":{"start":{"line":246,"column":19},"end":{"line":246,"column":20}},"90":{"start":{"line":247,"column":23},"end":{"line":247,"column":24}},"91":{"start":{"line":248,"column":21},"end":{"line":248,"column":26}},"92":{"start":{"line":250,"column":8},"end":{"line":261,"column":9}},"93":{"start":{"line":251,"column":10},"end":{"line":260,"column":11}},"94":{"start":{"line":252,"column":25},"end":{"line":252,"column":39}},"95":{"start":{"line":253,"column":29},"end":{"line":253,"column":54}},"96":{"start":{"line":254,"column":30},"end":{"line":254,"column":56}},"97":{"start":{"line":255,"column":12},"end":{"line":255,"column":71}},"98":{"start":{"line":256,"column":12},"end":{"line":256,"column":38}},"99":{"start":{"line":257,"column":12},"end":{"line":257,"column":26}},"100":{"start":{"line":259,"column":12},"end":{"line":259,"column":23}},"101":{"start":{"line":263,"column":8},"end":{"line":265,"column":9}},"102":{"start":{"line":264,"column":10},"end":{"line":264,"column":63}},"103":{"start":{"line":280,"column":22},"end":{"line":280,"column":76}},"104":{"start":{"line":282,"column":4},"end":{"line":284,"column":5}},"105":{"start":{"line":283,"column":6},"end":{"line":283,"column":72}},"106":{"start":{"line":286,"column":4},"end":{"line":288,"column":5}},"107":{"start":{"line":287,"column":6},"end":{"line":287,"column":72}},"108":{"start":{"line":290,"column":4},"end":{"line":290,"column":52}},"109":{"start":{"line":290,"column":29},"end":{"line":290,"column":50}},"110":{"start":{"line":302,"column":22},"end":{"line":302,"column":24}},"111":{"start":{"line":303,"column":23},"end":{"line":303,"column":31}},"112":{"start":{"line":305,"column":4},"end":{"line":313,"column":5}},"113":{"start":{"line":305,"column":17},"end":{"line":305,"column":18}},"114":{"start":{"line":306,"column":6},"end":{"line":306,"column":35}},"115":{"start":{"line":307,"column":6},"end":{"line":312,"column":7}},"116":{"start":{"line":308,"column":19},"end":{"line":308,"column":25}},"117":{"start":{"line":308,"column":26},"end":{"line":308,"column":32}},"118":{"start":{"line":309,"column":22},"end":{"line":309,"column":28}},"119":{"start":{"line":309,"column":29},"end":{"line":309,"column":35}},"120":{"start":{"line":310,"column":21},"end":{"line":310,"column":27}},"121":{"start":{"line":310,"column":28},"end":{"line":310,"column":34}},"122":{"start":{"line":311,"column":21},"end":{"line":311,"column":27}},"123":{"start":{"line":311,"column":28},"end":{"line":311,"column":34}},"124":{"start":{"line":315,"column":4},"end":{"line":315,"column":21}},"125":{"start":{"line":325,"column":4},"end":{"line":330,"column":6}},"126":{"start":{"line":326,"column":6},"end":{"line":329,"column":37}},"127":{"start":{"line":341,"column":4},"end":{"line":343,"column":6}},"128":{"start":{"line":342,"column":6},"end":{"line":342,"column":51}},"129":{"start":{"line":342,"column":28},"end":{"line":342,"column":50}},"130":{"start":{"line":352,"column":4},"end":{"line":355,"column":6}},"131":{"start":{"line":364,"column":23},"end":{"line":364,"column":54}},"132":{"start":{"line":365,"column":4},"end":{"line":365,"column":69}},"133":{"start":{"line":376,"column":4},"end":{"line":376,"column":59}},"134":{"start":{"line":376,"column":30},"end":{"line":376,"column":57}},"135":{"start":{"line":386,"column":4},"end":{"line":386,"column":46}},"136":{"start":{"line":386,"column":31},"end":{"line":386,"column":44}},"137":{"start":{"line":396,"column":4},"end":{"line":396,"column":39}},"138":{"start":{"line":405,"column":4},"end":{"line":407,"column":5}},"139":{"start":{"line":406,"column":6},"end":{"line":406,"column":70}},"140":{"start":{"line":408,"column":4},"end":{"line":410,"column":5}},"141":{"start":{"line":409,"column":6},"end":{"line":409,"column":59}},"142":{"start":{"line":420,"column":4},"end":{"line":422,"column":5}},"143":{"start":{"line":421,"column":6},"end":{"line":421,"column":69}},"144":{"start":{"line":423,"column":4},"end":{"line":430,"column":5}},"145":{"start":{"line":429,"column":6},"end":{"line":429,"column":69}}},"fnMap":{"0":{"name":"(anonymous_0)","decl":{"start":{"line":17,"column":2},"end":{"line":17,"column":3}},"loc":{"start":{"line":17,"column":16},"end":{"line":25,"column":3}},"line":17},"1":{"name":"(anonymous_1)","decl":{"start":{"line":31,"column":2},"end":{"line":31,"column":3}},"loc":{"start":{"line":31,"column":15},"end":{"line":39,"column":3}},"line":31},"2":{"name":"(anonymous_2)","decl":{"start":{"line":45,"column":2},"end":{"line":45,"column":3}},"loc":{"start":{"line":45,"column":18},"end":{"line":47,"column":3}},"line":45},"3":{"name":"(anonymous_3)","decl":{"start":{"line":53,"column":2},"end":{"line":53,"column":3}},"loc":{"start":{"line":53,"column":19},"end":{"line":55,"column":3}},"line":53},"4":{"name":"(anonymous_4)","decl":{"start":{"line":61,"column":2},"end":{"line":61,"column":3}},"loc":{"start":{"line":61,"column":16},"end":{"line":63,"column":3}},"line":61},"5":{"name":"(anonymous_5)","decl":{"start":{"line":69,"column":2},"end":{"line":69,"column":3}},"loc":{"start":{"line":69,"column":19},"end":{"line":87,"column":3}},"line":69},"6":{"name":"(anonymous_6)","decl":{"start":{"line":73,"column":30},"end":{"line":73,"column":31}},"loc":{"start":{"line":73,"column":38},"end":{"line":77,"column":5}},"line":73},"7":{"name":"(anonymous_7)","decl":{"start":{"line":74,"column":34},"end":{"line":74,"column":35}},"loc":{"start":{"line":74,"column":41},"end":{"line":76,"column":7}},"line":74},"8":{"name":"(anonymous_8)","decl":{"start":{"line":80,"column":29},"end":{"line":80,"column":30}},"loc":{"start":{"line":80,"column":41},"end":{"line":84,"column":5}},"line":80},"9":{"name":"(anonymous_9)","decl":{"start":{"line":93,"column":2},"end":{"line":93,"column":3}},"loc":{"start":{"line":93,"column":16},"end":{"line":111,"column":3}},"line":93},"10":{"name":"(anonymous_10)","decl":{"start":{"line":97,"column":27},"end":{"line":97,"column":28}},"loc":{"start":{"line":97,"column":35},"end":{"line":101,"column":5}},"line":97},"11":{"name":"(anonymous_11)","decl":{"start":{"line":98,"column":34},"end":{"line":98,"column":35}},"loc":{"start":{"line":98,"column":41},"end":{"line":100,"column":7}},"line":98},"12":{"name":"(anonymous_12)","decl":{"start":{"line":104,"column":32},"end":{"line":104,"column":33}},"loc":{"start":{"line":104,"column":44},"end":{"line":108,"column":5}},"line":104},"13":{"name":"(anonymous_13)","decl":{"start":{"line":134,"column":2},"end":{"line":134,"column":3}},"loc":{"start":{"line":134,"column":23},"end":{"line":136,"column":3}},"line":134},"14":{"name":"(anonymous_14)","decl":{"start":{"line":144,"column":2},"end":{"line":144,"column":3}},"loc":{"start":{"line":144,"column":28},"end":{"line":162,"column":3}},"line":144},"15":{"name":"(anonymous_15)","decl":{"start":{"line":169,"column":2},"end":{"line":169,"column":3}},"loc":{"start":{"line":169,"column":20},"end":{"line":190,"column":3}},"line":169},"16":{"name":"(anonymous_16)","decl":{"start":{"line":196,"column":2},"end":{"line":196,"column":3}},"loc":{"start":{"line":196,"column":15},"end":{"line":199,"column":3}},"line":196},"17":{"name":"(anonymous_17)","decl":{"start":{"line":290,"column":22},"end":{"line":290,"column":23}},"loc":{"start":{"line":290,"column":29},"end":{"line":290,"column":50}},"line":290},"18":{"name":"(anonymous_18)","decl":{"start":{"line":325,"column":27},"end":{"line":325,"column":28}},"loc":{"start":{"line":326,"column":6},"end":{"line":329,"column":37}},"line":326},"19":{"name":"(anonymous_19)","decl":{"start":{"line":341,"column":22},"end":{"line":341,"column":23}},"loc":{"start":{"line":342,"column":6},"end":{"line":342,"column":51}},"line":342},"20":{"name":"(anonymous_20)","decl":{"start":{"line":342,"column":21},"end":{"line":342,"column":22}},"loc":{"start":{"line":342,"column":28},"end":{"line":342,"column":50}},"line":342},"21":{"name":"(anonymous_21)","decl":{"start":{"line":376,"column":22},"end":{"line":376,"column":23}},"loc":{"start":{"line":376,"column":30},"end":{"line":376,"column":57}},"line":376},"22":{"name":"(anonymous_22)","decl":{"start":{"line":386,"column":23},"end":{"line":386,"column":24}},"loc":{"start":{"line":386,"column":31},"end":{"line":386,"column":44}},"line":386}},"branchMap":{"0":{"loc":{"start":{"line":32,"column":4},"end":{"line":34,"column":5}},"type":"if","locations":[{"start":{"line":32,"column":4},"end":{"line":34,"column":5}},{"start":{},"end":{}}],"line":32},"1":{"loc":{"start":{"line":83,"column":24},"end":{"line":83,"column":43}},"type":"cond-expr","locations":[{"start":{"line":83,"column":34},"end":{"line":83,"column":37}},{"start":{"line":83,"column":40},"end":{"line":83,"column":43}}],"line":83},"2":{"loc":{"start":{"line":107,"column":24},"end":{"line":107,"column":43}},"type":"cond-expr","locations":[{"start":{"line":107,"column":34},"end":{"line":107,"column":37}},{"start":{"line":107,"column":40},"end":{"line":107,"column":43}}],"line":107},"3":{"loc":{"start":{"line":149,"column":4},"end":{"line":151,"column":5}},"type":"if","locations":[{"start":{"line":149,"column":4},"end":{"line":151,"column":5}},{"start":{},"end":{}}],"line":149},"4":{"loc":{"start":{"line":156,"column":4},"end":{"line":159,"column":5}},"type":"if","locations":[{"start":{"line":156,"column":4},"end":{"line":159,"column":5}},{"start":{},"end":{}}],"line":156},"5":{"loc":{"start":{"line":175,"column":4},"end":{"line":177,"column":5}},"type":"if","locations":[{"start":{"line":175,"column":4},"end":{"line":177,"column":5}},{"start":{},"end":{}}],"line":175},"6":{"loc":{"start":{"line":182,"column":4},"end":{"line":186,"column":5}},"type":"if","locations":[{"start":{"line":182,"column":4},"end":{"line":186,"column":5}},{"start":{},"end":{}}],"line":182},"7":{"loc":{"start":{"line":197,"column":4},"end":{"line":197,"column":41}},"type":"if","locations":[{"start":{"line":197,"column":4},"end":{"line":197,"column":41}},{"start":{},"end":{}}],"line":197},"8":{"loc":{"start":{"line":198,"column":11},"end":{"line":198,"column":92}},"type":"binary-expr","locations":[{"start":{"line":198,"column":11},"end":{"line":198,"column":51}},{"start":{"line":198,"column":55},"end":{"line":198,"column":92}}],"line":198},"9":{"loc":{"start":{"line":220,"column":15},"end":{"line":220,"column":63}},"type":"binary-expr","locations":[{"start":{"line":220,"column":15},"end":{"line":220,"column":22}},{"start":{"line":220,"column":26},"end":{"line":220,"column":63}}],"line":220},"10":{"loc":{"start":{"line":233,"column":8},"end":{"line":235,"column":9}},"type":"if","locations":[{"start":{"line":233,"column":8},"end":{"line":235,"column":9}},{"start":{},"end":{}}],"line":233},"11":{"loc":{"start":{"line":250,"column":15},"end":{"line":250,"column":63}},"type":"binary-expr","locations":[{"start":{"line":250,"column":15},"end":{"line":250,"column":22}},{"start":{"line":250,"column":26},"end":{"line":250,"column":63}}],"line":250},"12":{"loc":{"start":{"line":263,"column":8},"end":{"line":265,"column":9}},"type":"if","locations":[{"start":{"line":263,"column":8},"end":{"line":265,"column":9}},{"start":{},"end":{}}],"line":263},"13":{"loc":{"start":{"line":282,"column":4},"end":{"line":284,"column":5}},"type":"if","locations":[{"start":{"line":282,"column":4},"end":{"line":284,"column":5}},{"start":{},"end":{}}],"line":282},"14":{"loc":{"start":{"line":286,"column":4},"end":{"line":288,"column":5}},"type":"if","locations":[{"start":{"line":286,"column":4},"end":{"line":288,"column":5}},{"start":{},"end":{}}],"line":286},"15":{"loc":{"start":{"line":307,"column":6},"end":{"line":312,"column":7}},"type":"switch","locations":[{"start":{"line":308,"column":8},"end":{"line":308,"column":32}},{"start":{"line":309,"column":8},"end":{"line":309,"column":35}},{"start":{"line":310,"column":8},"end":{"line":310,"column":34}},{"start":{"line":311,"column":8},"end":{"line":311,"column":34}}],"line":307},"16":{"loc":{"start":{"line":326,"column":6},"end":{"line":329,"column":37}},"type":"binary-expr","locations":[{"start":{"line":326,"column":6},"end":{"line":326,"column":18}},{"start":{"line":327,"column":6},"end":{"line":327,"column":37}},{"start":{"line":328,"column":6},"end":{"line":328,"column":18}},{"start":{"line":329,"column":6},"end":{"line":329,"column":37}}],"line":326},"17":{"loc":{"start":{"line":405,"column":4},"end":{"line":407,"column":5}},"type":"if","locations":[{"start":{"line":405,"column":4},"end":{"line":407,"column":5}},{"start":{},"end":{}}],"line":405},"18":{"loc":{"start":{"line":408,"column":4},"end":{"line":410,"column":5}},"type":"if","locations":[{"start":{"line":408,"column":4},"end":{"line":410,"column":5}},{"start":{},"end":{}}],"line":408},"19":{"loc":{"start":{"line":420,"column":4},"end":{"line":422,"column":5}},"type":"if","locations":[{"start":{"line":420,"column":4},"end":{"line":422,"column":5}},{"start":{},"end":{}}],"line":420},"20":{"loc":{"start":{"line":420,"column":8},"end":{"line":420,"column":80}},"type":"binary-expr","locations":[{"start":{"line":420,"column":8},"end":{"line":420,"column":14}},{"start":{"line":420,"column":18},"end":{"line":420,"column":47}},{"start":{"line":420,"column":51},"end":{"line":420,"column":80}}],"line":420},"21":{"loc":{"start":{"line":423,"column":4},"end":{"line":430,"column":5}},"type":"if","locations":[{"start":{"line":423,"column":4},"end":{"line":430,"column":5}},{"start":{},"end":{}}],"line":423},"22":{"loc":{"start":{"line":424,"column":6},"end":{"line":427,"column":40}},"type":"binary-expr","locations":[{"start":{"line":424,"column":6},"end":{"line":424,"column":19}},{"start":{"line":425,"column":6},"end":{"line":425,"column":40}},{"start":{"line":426,"column":6},"end":{"line":426,"column":19}},{"start":{"line":427,"column":6},"end":{"line":427,"column":40}}],"line":424}},"s":{"0":47,"1":47,"2":47,"3":47,"4":47,"5":47,"6":47,"7":45,"8":1,"9":44,"10":44,"11":44,"12":3,"13":17,"14":20,"15":0,"16":0,"17":0,"18":0,"19":0,"20":0,"21":0,"22":0,"23":0,"24":0,"25":0,"26":0,"27":0,"28":0,"29":0,"30":0,"31":0,"32":0,"33":0,"34":0,"35":0,"36":0,"37":0,"38":0,"39":0,"40":0,"41":20017,"42":103,"43":101,"44":82,"45":82,"46":2,"47":80,"48":80,"49":80,"50":0,"51":0,"52":80,"53":102,"54":101,"55":101,"56":101,"57":28,"58":73,"59":73,"60":73,"61":0,"62":0,"63":0,"64":73,"65":73,"66":310,"67":0,"68":310,"69":44,"70":44,"71":44,"72":44,"73":44,"74":132,"75":132,"76":132,"77":164,"78":164,"79":164,"80":164,"81":164,"82":132,"83":132,"84":32,"85":132,"86":0,"87":44,"88":44,"89":44,"90":132,"91":132,"92":132,"93":165,"94":165,"95":165,"96":165,"97":165,"98":132,"99":132,"100":33,"101":132,"102":0,"103":329,"104":329,"105":65,"106":264,"107":0,"108":264,"109":792,"110":329,"111":329,"112":329,"113":329,"114":987,"115":987,"116":210,"117":210,"118":285,"119":285,"120":228,"121":228,"122":264,"123":264,"124":329,"125":329,"126":957,"127":264,"128":264,"129":792,"130":329,"131":329,"132":329,"133":153,"134":459,"135":618,"136":624,"137":20200,"138":205,"139":3,"140":202,"141":0,"142":101,"143":8,"144":93,"145":11},"f":{"0":47,"1":45,"2":3,"3":17,"4":20,"5":0,"6":0,"7":0,"8":0,"9":0,"10":0,"11":0,"12":0,"13":20017,"14":103,"15":102,"16":310,"17":792,"18":957,"19":264,"20":792,"21":459,"22":624},"b":{"0":[1,44],"1":[0,0],"2":[0,0],"3":[2,80],"4":[0,80],"5":[28,73],"6":[0,73],"7":[0,310],"8":[310,308],"9":[296,164],"10":[0,132],"11":[297,165],"12":[0,132],"13":[65,264],"14":[0,264],"15":[210,285,228,264],"16":[957,941,932,920],"17":[3,202],"18":[0,202],"19":[8,93],"20":[101,99,95],"21":[11,82],"22":[93,89,86,85]},"_coverageSchema":"1a1c01bbd47fc00a2c39e90264f33305004495a9","hash":"5aa92406e32edd78d1cdb20215f88994f2f4aef7"}
,"D:\\gitHUB\\edu-ai-challenge-2025\\Task 7 - Sea Battle Game\\seabattle-refactored\\models\\Ship.js": {"path":"D:\\gitHUB\\edu-ai-challenge-2025\\Task 7 - Sea Battle Game\\seabattle-refactored\\models\\Ship.js","statementMap":{"0":{"start":{"line":16,"column":4},"end":{"line":18,"column":5}},"1":{"start":{"line":17,"column":6},"end":{"line":17,"column":53}},"2":{"start":{"line":19,"column":4},"end":{"line":19,"column":22}},"3":{"start":{"line":20,"column":4},"end":{"line":20,"column":32}},"4":{"start":{"line":21,"column":4},"end":{"line":21,"column":27}},"5":{"start":{"line":29,"column":4},"end":{"line":29,"column":22}},"6":{"start":{"line":37,"column":4},"end":{"line":37,"column":36}},"7":{"start":{"line":45,"column":4},"end":{"line":45,"column":31}},"8":{"start":{"line":54,"column":4},"end":{"line":56,"column":5}},"9":{"start":{"line":55,"column":6},"end":{"line":55,"column":69}},"10":{"start":{"line":57,"column":4},"end":{"line":57,"column":34}},"11":{"start":{"line":66,"column":4},"end":{"line":66,"column":41}},"12":{"start":{"line":75,"column":4},"end":{"line":75,"column":36}},"13":{"start":{"line":84,"column":4},"end":{"line":86,"column":5}},"14":{"start":{"line":85,"column":6},"end":{"line":85,"column":69}},"15":{"start":{"line":87,"column":4},"end":{"line":89,"column":5}},"16":{"start":{"line":88,"column":6},"end":{"line":88,"column":49}},"17":{"start":{"line":90,"column":4},"end":{"line":92,"column":5}},"18":{"start":{"line":91,"column":6},"end":{"line":91,"column":46}},"19":{"start":{"line":93,"column":4},"end":{"line":93,"column":29}},"20":{"start":{"line":101,"column":4},"end":{"line":101,"column":42}},"21":{"start":{"line":111,"column":4},"end":{"line":119,"column":6}}},"fnMap":{"0":{"name":"(anonymous_0)","decl":{"start":{"line":15,"column":2},"end":{"line":15,"column":3}},"loc":{"start":{"line":15,"column":20},"end":{"line":22,"column":3}},"line":15},"1":{"name":"(anonymous_1)","decl":{"start":{"line":28,"column":2},"end":{"line":28,"column":3}},"loc":{"start":{"line":28,"column":13},"end":{"line":30,"column":3}},"line":28},"2":{"name":"(anonymous_2)","decl":{"start":{"line":36,"column":2},"end":{"line":36,"column":3}},"loc":{"start":{"line":36,"column":17},"end":{"line":38,"column":3}},"line":36},"3":{"name":"(anonymous_3)","decl":{"start":{"line":44,"column":2},"end":{"line":44,"column":3}},"loc":{"start":{"line":44,"column":12},"end":{"line":46,"column":3}},"line":44},"4":{"name":"(anonymous_4)","decl":{"start":{"line":53,"column":2},"end":{"line":53,"column":3}},"loc":{"start":{"line":53,"column":24},"end":{"line":58,"column":3}},"line":53},"5":{"name":"(anonymous_5)","decl":{"start":{"line":65,"column":2},"end":{"line":65,"column":3}},"loc":{"start":{"line":65,"column":25},"end":{"line":67,"column":3}},"line":65},"6":{"name":"(anonymous_6)","decl":{"start":{"line":74,"column":2},"end":{"line":74,"column":3}},"loc":{"start":{"line":74,"column":18},"end":{"line":76,"column":3}},"line":74},"7":{"name":"(anonymous_7)","decl":{"start":{"line":83,"column":2},"end":{"line":83,"column":3}},"loc":{"start":{"line":83,"column":16},"end":{"line":94,"column":3}},"line":83},"8":{"name":"(anonymous_8)","decl":{"start":{"line":100,"column":2},"end":{"line":100,"column":3}},"loc":{"start":{"line":100,"column":11},"end":{"line":102,"column":3}},"line":100}},"branchMap":{"0":{"loc":{"start":{"line":16,"column":4},"end":{"line":18,"column":5}},"type":"if","locations":[{"start":{"line":16,"column":4},"end":{"line":18,"column":5}},{"start":{},"end":{}}],"line":16},"1":{"loc":{"start":{"line":16,"column":8},"end":{"line":16,"column":28}},"type":"binary-expr","locations":[{"start":{"line":16,"column":8},"end":{"line":16,"column":16}},{"start":{"line":16,"column":20},"end":{"line":16,"column":28}}],"line":16},"2":{"loc":{"start":{"line":54,"column":4},"end":{"line":56,"column":5}},"type":"if","locations":[{"start":{"line":54,"column":4},"end":{"line":56,"column":5}},{"start":{},"end":{}}],"line":54},"3":{"loc":{"start":{"line":84,"column":4},"end":{"line":86,"column":5}},"type":"if","locations":[{"start":{"line":84,"column":4},"end":{"line":86,"column":5}},{"start":{},"end":{}}],"line":84},"4":{"loc":{"start":{"line":87,"column":4},"end":{"line":89,"column":5}},"type":"if","locations":[{"start":{"line":87,"column":4},"end":{"line":89,"column":5}},{"start":{},"end":{}}],"line":87},"5":{"loc":{"start":{"line":90,"column":4},"end":{"line":92,"column":5}},"type":"if","locations":[{"start":{"line":90,"column":4},"end":{"line":92,"column":5}},{"start":{},"end":{}}],"line":90},"6":{"loc":{"start":{"line":112,"column":6},"end":{"line":118,"column":42}},"type":"binary-expr","locations":[{"start":{"line":112,"column":6},"end":{"line":112,"column":14}},{"start":{"line":113,"column":6},"end":{"line":113,"column":38}},{"start":{"line":114,"column":6},"end":{"line":114,"column":38}},{"start":{"line":115,"column":6},"end":{"line":115,"column":23}},{"start":{"line":116,"column":6},"end":{"line":116,"column":42}},{"start":{"line":117,"column":6},"end":{"line":117,"column":23}},{"start":{"line":118,"column":6},"end":{"line":118,"column":42}}],"line":112}},"s":{"0":342,"1":2,"2":340,"3":340,"4":340,"5":363,"6":42,"7":4,"8":805,"9":1,"10":804,"11":1298,"12":3,"13":45,"14":0,"15":45,"16":1,"17":44,"18":0,"19":44,"20":715,"21":850},"f":{"0":342,"1":363,"2":42,"3":4,"4":805,"5":1298,"6":3,"7":45,"8":715},"b":{"0":[2,340],"1":[342,341],"2":[1,804],"3":[0,45],"4":[1,44],"5":[0,44],"6":[850,850,850,850,849,849,849]},"_coverageSchema":"1a1c01bbd47fc00a2c39e90264f33305004495a9","hash":"44f1f07605512fd8545828f3e39ab676a76ca50a"}
}
