TN:
SF:controllers\GameController.js
FN:11,(anonymous_0)
FN:20,(anonymous_1)
FN:91,(anonymous_2)
FN:92,(anonymous_3)
FNF:4
FNH:4
FNDA:6,(anonymous_0)
FNDA:5,(anonymous_1)
FNDA:4,(anonymous_2)
FNDA:4,(anonymous_3)
DA:12,6
DA:13,6
DA:21,5
DA:22,5
DA:23,4
DA:24,4
DA:25,4
DA:27,1
DA:28,1
DA:38,4
DA:40,0
DA:45,0
DA:46,0
DA:47,0
DA:49,4
DA:58,0
DA:59,0
DA:60,0
DA:61,0
DA:63,0
DA:64,0
DA:74,0
DA:75,0
DA:76,0
DA:77,0
DA:79,0
DA:80,0
DA:89,4
DA:90,4
DA:91,4
DA:92,4
DA:94,4
DA:95,2
DA:96,2
DA:97,1
LF:35
LH:19
BRDA:46,0,0,0
BRDA:46,0,1,0
BRDA:94,1,0,2
BRDA:94,1,1,2
BRDA:96,2,0,1
BRDA:96,2,1,1
BRF:6
BRH:4
end_of_record
TN:
SF:models\GameAI.js
FN:16,(anonymous_0)
FN:28,(anonymous_1)
FN:40,(anonymous_2)
FN:161,(anonymous_3)
FN:187,(anonymous_4)
FN:188,(anonymous_5)
FNF:6
FNH:5
FNDA:69,(anonymous_0)
FNDA:214,(anonymous_1)
FNDA:179,(anonymous_2)
FNDA:12,(anonymous_3)
FNDA:39,(anonymous_4)
FNDA:0,(anonymous_5)
DA:17,69
DA:18,69
DA:19,69
DA:20,69
DA:21,69
DA:29,214
DA:30,14
DA:32,200
DA:41,179
DA:42,13
DA:43,13
DA:44,13
DA:45,7
DA:47,166
DA:48,1
DA:58,200
DA:59,200
DA:60,200
DA:69,14
DA:70,0
DA:73,14
DA:74,6
DA:75,6
DA:76,4
DA:78,2
DA:81,10
DA:82,13
DA:83,13
DA:84,10
DA:85,10
DA:89,0
DA:90,0
DA:99,6
DA:109,19
DA:110,19
DA:111,14
DA:112,3
DA:113,2
DA:114,0
DA:115,0
DA:126,19
DA:127,19
DA:128,19
DA:143,200
DA:144,200
DA:145,2000
DA:146,20000
DA:147,20000
DA:148,16260
DA:152,200
DA:160,3
DA:161,12
DA:169,7
DA:170,7
DA:178,0
DA:179,0
DA:187,39
DA:188,13
LF:58
LH:51
BRDA:29,0,0,14
BRDA:29,0,1,200
BRDA:41,1,0,13
BRDA:41,1,1,166
BRDA:44,2,0,7
BRDA:44,2,1,6
BRDA:47,3,0,1
BRDA:47,3,1,165
BRDA:69,4,0,0
BRDA:69,4,1,14
BRDA:73,5,0,6
BRDA:73,5,1,8
BRDA:75,6,0,4
BRDA:75,6,1,2
BRDA:83,7,0,10
BRDA:83,7,1,3
BRDA:110,8,0,14
BRDA:110,8,1,3
BRDA:110,8,2,2
BRDA:110,8,3,0
BRDA:110,8,4,0
BRDA:126,9,0,0
BRDA:126,9,1,19
BRDA:129,10,0,19
BRDA:129,10,1,17
BRDA:129,10,2,16
BRDA:129,10,3,16
BRDA:129,10,4,14
BRDA:147,11,0,16260
BRDA:147,11,1,3740
BRF:30
BRH:26
end_of_record
TN:
SF:models\GameConfig.js
FNF:0
FNH:0
DA:6,9
DA:7,9
DA:10,9
DA:13,9
DA:22,9
DA:25,9
LF:6
LH:6
BRF:0
BRH:0
end_of_record
TN:
SF:models\GameState.js
FN:17,(anonymous_0)
FN:31,(anonymous_1)
FN:45,(anonymous_2)
FN:53,(anonymous_3)
FN:61,(anonymous_4)
FN:69,(anonymous_5)
FN:73,(anonymous_6)
FN:74,(anonymous_7)
FN:80,(anonymous_8)
FN:93,(anonymous_9)
FN:97,(anonymous_10)
FN:98,(anonymous_11)
FN:104,(anonymous_12)
FN:134,(anonymous_13)
FN:144,(anonymous_14)
FN:169,(anonymous_15)
FN:196,(anonymous_16)
FN:290,(anonymous_17)
FN:325,(anonymous_18)
FN:341,(anonymous_19)
FN:342,(anonymous_20)
FN:376,(anonymous_21)
FN:386,(anonymous_22)
FNF:23
FNH:15
FNDA:47,(anonymous_0)
FNDA:45,(anonymous_1)
FNDA:3,(anonymous_2)
FNDA:17,(anonymous_3)
FNDA:20,(anonymous_4)
FNDA:0,(anonymous_5)
FNDA:0,(anonymous_6)
FNDA:0,(anonymous_7)
FNDA:0,(anonymous_8)
FNDA:0,(anonymous_9)
FNDA:0,(anonymous_10)
FNDA:0,(anonymous_11)
FNDA:0,(anonymous_12)
FNDA:20017,(anonymous_13)
FNDA:103,(anonymous_14)
FNDA:102,(anonymous_15)
FNDA:310,(anonymous_16)
FNDA:792,(anonymous_17)
FNDA:957,(anonymous_18)
FNDA:264,(anonymous_19)
FNDA:792,(anonymous_20)
FNDA:459,(anonymous_21)
FNDA:624,(anonymous_22)
DA:18,47
DA:19,47
DA:20,47
DA:21,47
DA:22,47
DA:23,47
DA:24,47
DA:32,45
DA:33,1
DA:36,44
DA:37,44
DA:38,44
DA:46,3
DA:54,17
DA:62,20
DA:70,0
DA:73,0
DA:74,0
DA:75,0
DA:80,0
DA:81,0
DA:82,0
DA:83,0
DA:86,0
DA:94,0
DA:97,0
DA:98,0
DA:99,0
DA:104,0
DA:105,0
DA:106,0
DA:107,0
DA:110,0
DA:119,0
DA:120,0
DA:121,0
DA:122,0
DA:123,0
DA:126,0
DA:135,20017
DA:145,103
DA:146,101
DA:148,82
DA:149,82
DA:150,2
DA:153,80
DA:154,80
DA:156,80
DA:157,0
DA:158,0
DA:161,80
DA:170,102
DA:172,101
DA:173,101
DA:175,101
DA:176,28
DA:179,73
DA:180,73
DA:182,73
DA:183,0
DA:184,0
DA:185,0
DA:188,73
DA:189,73
DA:197,310
DA:198,310
DA:206,44
DA:207,44
DA:215,44
DA:216,44
DA:217,132
DA:218,132
DA:220,132
DA:221,164
DA:222,164
DA:223,164
DA:224,164
DA:225,164
DA:226,132
DA:227,132
DA:229,32
DA:233,132
DA:234,0
DA:245,44
DA:246,44
DA:247,132
DA:248,132
DA:250,132
DA:251,165
DA:252,165
DA:253,165
DA:254,165
DA:255,165
DA:256,132
DA:257,132
DA:259,33
DA:263,132
DA:264,0
DA:280,329
DA:282,329
DA:283,65
DA:286,264
DA:287,0
DA:290,792
DA:302,329
DA:303,329
DA:305,329
DA:306,987
DA:307,987
DA:308,210
DA:309,285
DA:310,228
DA:311,264
DA:315,329
DA:325,329
DA:326,957
DA:341,264
DA:342,792
DA:352,329
DA:364,329
DA:365,329
DA:376,459
DA:386,624
DA:396,20200
DA:405,205
DA:406,3
DA:408,202
DA:409,0
DA:420,101
DA:421,8
DA:423,93
DA:429,11
LF:132
LH:99
BRDA:32,0,0,1
BRDA:32,0,1,44
BRDA:83,1,0,0
BRDA:83,1,1,0
BRDA:107,2,0,0
BRDA:107,2,1,0
BRDA:149,3,0,2
BRDA:149,3,1,80
BRDA:156,4,0,0
BRDA:156,4,1,80
BRDA:175,5,0,28
BRDA:175,5,1,73
BRDA:182,6,0,0
BRDA:182,6,1,73
BRDA:197,7,0,0
BRDA:197,7,1,310
BRDA:198,8,0,310
BRDA:198,8,1,308
BRDA:220,9,0,296
BRDA:220,9,1,164
BRDA:233,10,0,0
BRDA:233,10,1,132
BRDA:250,11,0,297
BRDA:250,11,1,165
BRDA:263,12,0,0
BRDA:263,12,1,132
BRDA:282,13,0,65
BRDA:282,13,1,264
BRDA:286,14,0,0
BRDA:286,14,1,264
BRDA:307,15,0,210
BRDA:307,15,1,285
BRDA:307,15,2,228
BRDA:307,15,3,264
BRDA:326,16,0,957
BRDA:326,16,1,941
BRDA:326,16,2,932
BRDA:326,16,3,920
BRDA:405,17,0,3
BRDA:405,17,1,202
BRDA:408,18,0,0
BRDA:408,18,1,202
BRDA:420,19,0,8
BRDA:420,19,1,93
BRDA:420,20,0,101
BRDA:420,20,1,99
BRDA:420,20,2,95
BRDA:423,21,0,11
BRDA:423,21,1,82
BRDA:424,22,0,93
BRDA:424,22,1,89
BRDA:424,22,2,86
BRDA:424,22,3,85
BRF:53
BRH:42
end_of_record
TN:
SF:models\Ship.js
FN:15,(anonymous_0)
FN:28,(anonymous_1)
FN:36,(anonymous_2)
FN:44,(anonymous_3)
FN:53,(anonymous_4)
FN:65,(anonymous_5)
FN:74,(anonymous_6)
FN:83,(anonymous_7)
FN:100,(anonymous_8)
FNF:9
FNH:9
FNDA:342,(anonymous_0)
FNDA:363,(anonymous_1)
FNDA:42,(anonymous_2)
FNDA:4,(anonymous_3)
FNDA:805,(anonymous_4)
FNDA:1298,(anonymous_5)
FNDA:3,(anonymous_6)
FNDA:45,(anonymous_7)
FNDA:715,(anonymous_8)
DA:16,342
DA:17,2
DA:19,340
DA:20,340
DA:21,340
DA:29,363
DA:37,42
DA:45,4
DA:54,805
DA:55,1
DA:57,804
DA:66,1298
DA:75,3
DA:84,45
DA:85,0
DA:87,45
DA:88,1
DA:90,44
DA:91,0
DA:93,44
DA:101,715
DA:111,850
LF:22
LH:20
BRDA:16,0,0,2
BRDA:16,0,1,340
BRDA:16,1,0,342
BRDA:16,1,1,341
BRDA:54,2,0,1
BRDA:54,2,1,804
BRDA:84,3,0,0
BRDA:84,3,1,45
BRDA:87,4,0,1
BRDA:87,4,1,44
BRDA:90,5,0,0
BRDA:90,5,1,44
BRDA:112,6,0,850
BRDA:112,6,1,850
BRDA:112,6,2,850
BRDA:112,6,3,850
BRDA:112,6,4,849
BRDA:112,6,5,849
BRDA:112,6,6,849
BRF:19
BRH:17
end_of_record
